<?xml version="1.0" encoding="UTF-8"?>
<!-- Generated by org.testng.reporters.JUnitReportReporter -->
<testsuite hostname="RACIT061" failures="0" tests="5" name="testng_tests.Day3" time="0.005" errors="0" timestamp="2025-01-10T23:51:30 IST" skipped="2">
  <testcase classname="testng_tests.Day3" name="webfunctionHomeLoan" time="0.002"/>
  <system-out/>
  <testcase classname="testng_tests.Day3" name="mobileloginHomeLoan" time="0.001"/>
  <system-out/>
  <testcase classname="testng_tests.Day3" name="apiloginHomeLoan" time="0.002"/>
  <system-out/>
  <testcase classname="testng_tests.Day3" name="weblogoutHomeLoan">
    <skipped/>
  </testcase> <!-- weblogoutHomeLoan -->
  <system-out/>
  <testcase classname="testng_tests.Day3" name="webloginHomeLoan">
    <skipped/>
  </testcase> <!-- webloginHomeLoan -->
  <system-out/>
</testsuite> <!-- testng_tests.Day3 -->
