<?xml version="1.0" encoding="UTF-8"?>
<!-- Generated by org.testng.reporters.JUnitReportReporter -->
<testsuite hostname="RACIT061" failures="0" tests="2" name="shoppingcart.test.ErrorValidations" time="15.634" errors="0" timestamp="2025-01-08T23:10:57 IST" skipped="0">
  <testcase classname="shoppingcart.test.ErrorValidations" name="loginErrorValidation" time="5.068"/>
  <system-out/>
  <testcase classname="shoppingcart.test.ErrorValidations" name="productErrorValidation" time="10.566"/>
  <system-out/>
</testsuite> <!-- shoppingcart.test.ErrorValidations -->
