<?xml version="1.0" encoding="UTF-8"?>
<!-- Generated by org.testng.reporters.JUnitReportReporter -->
<testsuite hostname="RACIT061" failures="0" tests="1" name="ExtentReportDemo.ExtentReportTest" time="5.061" errors="0" timestamp="2025-01-10T17:20:25 IST" skipped="0">
  <testcase classname="ExtentReportDemo.ExtentReportTest" name="initialDemo" time="5.061"/>
  <system-out/>
</testsuite> <!-- ExtentReportDemo.ExtentReportTest -->
