<?xml version="1.0" encoding="UTF-8"?>
<!-- Generated by org.testng.reporters.JUnitReportReporter -->
<testsuite hostname="RACIT061" failures="0" tests="2" name="cucumber.TestNGCucumberRunnerTests" time="14.613" errors="0" timestamp="2025-01-24T00:28:24 IST" skipped="0">
  <testcase classname="cucumber.TestNGCucumberRunnerTests" name="runScenario" time="5.840"/>
  <system-out/>
  <testcase classname="cucumber.TestNGCucumberRunnerTests" name="runScenario" time="8.773"/>
  <system-out/>
</testsuite> <!-- cucumber.TestNGCucumberRunnerTests -->
