<?xml version="1.0" encoding="UTF-8"?>
<!-- Generated by org.testng.reporters.JUnitReportReporter -->
<testsuite hostname="RACIT061" failures="0" tests="1" name="testng_tests.Day2" time="0.002" errors="0" timestamp="2025-01-10T23:51:30 IST" skipped="0">
  <testcase classname="testng_tests.Day2" name="thirdtest" time="0.002"/>
  <system-out/>
</testsuite> <!-- testng_tests.Day2 -->
