<?xml version="1.0" encoding="UTF-8"?>
<!-- Generated by org.testng.reporters.JUnitReportReporter -->
<testsuite hostname="RACIT061" failures="0" tests="2" name="shoppingcart.test.LoginTest" time="20.005" errors="0" timestamp="2025-01-24T00:48:21 IST" skipped="0">
  <testcase classname="shoppingcart.test.LoginTest" name="submitOrderTest_updated" time="9.972"/>
  <system-out/>
  <testcase classname="shoppingcart.test.LoginTest" name="submitOrderTest_updated" time="10.033"/>
  <system-out/>
</testsuite> <!-- shoppingcart.test.LoginTest -->
